<?xml version="1.0" encoding="UTF-8"?>
<!-- Generated by org.testng.reporters.JUnitReportReporter -->
<testsuite hostname="DESKTOP-SHJA200" failures="0" tests="1" name="tests.EpicOneTest" time="34.532" errors="0" timestamp="2023-05-10T20:25:02 EDT" skipped="0">
  <testcase classname="tests.EpicOneTest" name="testCaseOne" time="34.532"/>
  <system-out/>
</testsuite> <!-- tests.EpicOneTest -->
